  Application.cpp
  Button.cpp
  Container.cpp
D:\_GitHub\GD4_MDP_CA1\Container.cpp(92,28): warning C4267: '=' : conversion de 'size_t' en 'int', perte possible de données
D:\_GitHub\GD4_MDP_CA1\Container.cpp(110,34): warning C4267: '=' : conversion de 'size_t' en 'int', perte possible de données
D:\_GitHub\GD4_MDP_CA1\Container.cpp(141,34): warning C4267: '=' : conversion de 'size_t' en 'int', perte possible de données
D:\_GitHub\GD4_MDP_CA1\Container.cpp(145,63): warning C4267: '=' : conversion de 'size_t' en 'int', perte possible de données
D:\_GitHub\GD4_MDP_CA1\Container.cpp(150,62): warning C4267: '=' : conversion de 'size_t' en 'int', perte possible de données
D:\_GitHub\GD4_MDP_CA1\Container.cpp(168,69): warning C4267: '=' : conversion de 'size_t' en 'int', perte possible de données
D:\_GitHub\GD4_MDP_CA1\Container.cpp(185,67): warning C4267: '=' : conversion de 'size_t' en 'int', perte possible de données
D:\_GitHub\GD4_MDP_CA1\Container.cpp(204,41): warning C4267: 'initialisation' : conversion de 'size_t' en 'int', perte possible de données
  GameOverState.cpp
  GameServer.cpp
  GameState.cpp
  Main.cpp
  MenuState.cpp
  MultiplayerGameState.cpp
  NetworkNode.cpp
  PauseState.cpp
  Player.cpp
D:\_GitHub\GD4_MDP_CA1\Player.cpp(36,49): warning C4244: 'argument' : conversion de 'float' en 'int', perte possible de données
D:\_GitHub\GD4_MDP_CA1\Player.cpp(36,25): warning C4244: '=' : conversion de 'double' en 'T', perte possible de données
          with
          [
              T=float
          ]
D:\_GitHub\GD4_MDP_CA1\Player.cpp(37,48): warning C4244: 'argument' : conversion de 'float' en 'int', perte possible de données
D:\_GitHub\GD4_MDP_CA1\Player.cpp(37,28): warning C4244: '=' : conversion de 'double' en 'T', perte possible de données
          with
          [
              T=float
          ]
D:\_GitHub\GD4_MDP_CA1\Player.cpp(41,48): warning C4244: 'argument' : conversion de 'float' en 'int', perte possible de données
D:\_GitHub\GD4_MDP_CA1\Player.cpp(41,28): warning C4244: '=' : conversion de 'double' en 'T', perte possible de données
          with
          [
              T=float
          ]
D:\_GitHub\GD4_MDP_CA1\Player.cpp(42,49): warning C4244: 'argument' : conversion de 'float' en 'int', perte possible de données
D:\_GitHub\GD4_MDP_CA1\Player.cpp(42,25): warning C4244: '=' : conversion de 'double' en 'T', perte possible de données
          with
          [
              T=float
          ]
  SettingsState.cpp
  SoundState.cpp
  State.cpp
  StateStack.cpp
  Tank.cpp
D:\_GitHub\GD4_MDP_CA1\Tank.cpp(284,78): warning C4244: 'argument' : conversion de 'float' en 'int', perte possible de données
D:\_GitHub\GD4_MDP_CA1\Tank.cpp(285,12): warning C4244: 'initialisation' : conversion de 'double' en 'float', perte possible de données
D:\_GitHub\GD4_MDP_CA1\Tank.cpp(286,12): warning C4244: 'initialisation' : conversion de 'double' en 'float', perte possible de données
D:\_GitHub\GD4_MDP_CA1\Tank.cpp(423,49): warning C4244: 'argument' : conversion de 'float' en 'int', perte possible de données
D:\_GitHub\GD4_MDP_CA1\Tank.cpp(423,48): warning C4244: 'argument' : conversion de 'double' en 'float', perte possible de données
D:\_GitHub\GD4_MDP_CA1\Tank.cpp(424,50): warning C4244: 'argument' : conversion de 'float' en 'int', perte possible de données
D:\_GitHub\GD4_MDP_CA1\Tank.cpp(424,49): warning C4244: 'argument' : conversion de 'double' en 'float', perte possible de données
  TitleState.cpp
  ToastState.cpp
  World.cpp
D:\_GitHub\GD4_MDP_CA1\World.cpp(541,18): warning C4244: 'argument' : conversion de 'float' en 'int', perte possible de données
D:\_GitHub\GD4_MDP_CA1\World.cpp(542,19): warning C4244: 'argument' : conversion de 'float' en 'int', perte possible de données
  Génération de code en cours
  99 of 4054 functions ( 2.4%) were compiled, the rest were copied from previous compilation.
    20 functions were new in current compilation
    74 functions had inline decision re-evaluated but remain unchanged
  Fin de la génération du code
  GD4_MDP_CA1.vcxproj -> D:\_GitHub\GD4_MDP_CA1\x64\Release\GD4_MDP_CA1.exe
