d:\dkit\year4\multiplayer distributed programming\gd4_mdp_ca1\gd4_mdp_ca1\debug\vc142.pdb
d:\dkit\year4\multiplayer distributed programming\gd4_mdp_ca1\gd4_mdp_ca1\debug\vc142.idb
d:\dkit\year4\multiplayer distributed programming\gd4_mdp_ca1\gd4_mdp_ca1\debug\settingsstate.obj
d:\dkit\year4\multiplayer distributed programming\gd4_mdp_ca1\gd4_mdp_ca1\debug\scenenode.obj
d:\dkit\year4\multiplayer distributed programming\gd4_mdp_ca1\gd4_mdp_ca1\debug\projectile.obj
d:\dkit\year4\multiplayer distributed programming\gd4_mdp_ca1\gd4_mdp_ca1\debug\player.obj
d:\dkit\year4\multiplayer distributed programming\gd4_mdp_ca1\gd4_mdp_ca1\debug\pickup.obj
d:\dkit\year4\multiplayer distributed programming\gd4_mdp_ca1\gd4_mdp_ca1\debug\pausestate.obj
d:\dkit\year4\multiplayer distributed programming\gd4_mdp_ca1\gd4_mdp_ca1\debug\menustate.obj
d:\dkit\year4\multiplayer distributed programming\gd4_mdp_ca1\gd4_mdp_ca1\debug\main.obj
d:\dkit\year4\multiplayer distributed programming\gd4_mdp_ca1\gd4_mdp_ca1\debug\label.obj
d:\dkit\year4\multiplayer distributed programming\gd4_mdp_ca1\gd4_mdp_ca1\debug\gamestate.obj
d:\dkit\year4\multiplayer distributed programming\gd4_mdp_ca1\gd4_mdp_ca1\debug\gameoverstate.obj
d:\dkit\year4\multiplayer distributed programming\gd4_mdp_ca1\gd4_mdp_ca1\debug\entity.obj
d:\dkit\year4\multiplayer distributed programming\gd4_mdp_ca1\gd4_mdp_ca1\debug\datatables.obj
d:\dkit\year4\multiplayer distributed programming\gd4_mdp_ca1\gd4_mdp_ca1\debug\container.obj
d:\dkit\year4\multiplayer distributed programming\gd4_mdp_ca1\gd4_mdp_ca1\debug\component.obj
d:\dkit\year4\multiplayer distributed programming\gd4_mdp_ca1\gd4_mdp_ca1\debug\commandqueue.obj
d:\dkit\year4\multiplayer distributed programming\gd4_mdp_ca1\gd4_mdp_ca1\debug\command.obj
d:\dkit\year4\multiplayer distributed programming\gd4_mdp_ca1\gd4_mdp_ca1\debug\button.obj
d:\dkit\year4\multiplayer distributed programming\gd4_mdp_ca1\gd4_mdp_ca1\debug\application.obj
d:\dkit\year4\multiplayer distributed programming\gd4_mdp_ca1\gd4_mdp_ca1\debug\tank.obj
d:\dkit\year4\multiplayer distributed programming\gd4_mdp_ca1\gd4_mdp_ca1\debug\world.obj
d:\dkit\year4\multiplayer distributed programming\gd4_mdp_ca1\gd4_mdp_ca1\debug\utility.obj
d:\dkit\year4\multiplayer distributed programming\gd4_mdp_ca1\gd4_mdp_ca1\debug\titlestate.obj
d:\dkit\year4\multiplayer distributed programming\gd4_mdp_ca1\gd4_mdp_ca1\debug\textnode.obj
d:\dkit\year4\multiplayer distributed programming\gd4_mdp_ca1\gd4_mdp_ca1\debug\statestack.obj
d:\dkit\year4\multiplayer distributed programming\gd4_mdp_ca1\gd4_mdp_ca1\debug\state.obj
d:\dkit\year4\multiplayer distributed programming\gd4_mdp_ca1\gd4_mdp_ca1\debug\spritenode.obj
d:\dkit\year4\multiplayer distributed programming\gd4_mdp_ca1\debug\gd4_mdp_ca1.pdb
d:\dkit\year4\multiplayer distributed programming\gd4_mdp_ca1\gd4_mdp_ca1\debug\gd4_mdp_ca1.tlog\cl.command.1.tlog
d:\dkit\year4\multiplayer distributed programming\gd4_mdp_ca1\gd4_mdp_ca1\debug\gd4_mdp_ca1.tlog\cl.read.1.tlog
d:\dkit\year4\multiplayer distributed programming\gd4_mdp_ca1\gd4_mdp_ca1\debug\gd4_mdp_ca1.tlog\cl.write.1.tlog
d:\dkit\year4\multiplayer distributed programming\gd4_mdp_ca1\gd4_mdp_ca1\debug\gd4_mdp_ca1.tlog\link.36784-cvtres.read.1.tlog
d:\dkit\year4\multiplayer distributed programming\gd4_mdp_ca1\gd4_mdp_ca1\debug\gd4_mdp_ca1.tlog\link.36784-cvtres.write.1.tlog
d:\dkit\year4\multiplayer distributed programming\gd4_mdp_ca1\gd4_mdp_ca1\debug\gd4_mdp_ca1.tlog\link.36784-rc.read.1.tlog
d:\dkit\year4\multiplayer distributed programming\gd4_mdp_ca1\gd4_mdp_ca1\debug\gd4_mdp_ca1.tlog\link.36784-rc.write.1.tlog
d:\dkit\year4\multiplayer distributed programming\gd4_mdp_ca1\gd4_mdp_ca1\debug\gd4_mdp_ca1.tlog\link.36784.read.1.tlog
d:\dkit\year4\multiplayer distributed programming\gd4_mdp_ca1\gd4_mdp_ca1\debug\gd4_mdp_ca1.tlog\link.36784.write.1.tlog
d:\dkit\year4\multiplayer distributed programming\gd4_mdp_ca1\gd4_mdp_ca1\debug\gd4_mdp_ca1.tlog\link.command.1.tlog
d:\dkit\year4\multiplayer distributed programming\gd4_mdp_ca1\gd4_mdp_ca1\debug\gd4_mdp_ca1.tlog\link.read.1.tlog
d:\dkit\year4\multiplayer distributed programming\gd4_mdp_ca1\gd4_mdp_ca1\debug\gd4_mdp_ca1.tlog\link.write.1.tlog
