d:\dkit\year4\multiplayer distributed programming\gd4_mdp_ca1\gd4_mdp_ca1\release\vc142.pdb
d:\dkit\year4\multiplayer distributed programming\gd4_mdp_ca1\gd4_mdp_ca1\release\pickup.obj
d:\dkit\year4\multiplayer distributed programming\gd4_mdp_ca1\gd4_mdp_ca1\release\pausestate.obj
d:\dkit\year4\multiplayer distributed programming\gd4_mdp_ca1\gd4_mdp_ca1\release\menustate.obj
d:\dkit\year4\multiplayer distributed programming\gd4_mdp_ca1\gd4_mdp_ca1\release\main.obj
d:\dkit\year4\multiplayer distributed programming\gd4_mdp_ca1\gd4_mdp_ca1\release\label.obj
d:\dkit\year4\multiplayer distributed programming\gd4_mdp_ca1\gd4_mdp_ca1\release\gamestate.obj
d:\dkit\year4\multiplayer distributed programming\gd4_mdp_ca1\gd4_mdp_ca1\release\gameoverstate.obj
d:\dkit\year4\multiplayer distributed programming\gd4_mdp_ca1\gd4_mdp_ca1\release\entity.obj
d:\dkit\year4\multiplayer distributed programming\gd4_mdp_ca1\gd4_mdp_ca1\release\datatables.obj
d:\dkit\year4\multiplayer distributed programming\gd4_mdp_ca1\gd4_mdp_ca1\release\container.obj
d:\dkit\year4\multiplayer distributed programming\gd4_mdp_ca1\gd4_mdp_ca1\release\component.obj
d:\dkit\year4\multiplayer distributed programming\gd4_mdp_ca1\gd4_mdp_ca1\release\commandqueue.obj
d:\dkit\year4\multiplayer distributed programming\gd4_mdp_ca1\gd4_mdp_ca1\release\command.obj
d:\dkit\year4\multiplayer distributed programming\gd4_mdp_ca1\gd4_mdp_ca1\release\button.obj
d:\dkit\year4\multiplayer distributed programming\gd4_mdp_ca1\gd4_mdp_ca1\release\application.obj
d:\dkit\year4\multiplayer distributed programming\gd4_mdp_ca1\gd4_mdp_ca1\release\tank.obj
d:\dkit\year4\multiplayer distributed programming\gd4_mdp_ca1\gd4_mdp_ca1\release\soundstate.obj
d:\dkit\year4\multiplayer distributed programming\gd4_mdp_ca1\gd4_mdp_ca1\release\soundplayer.obj
d:\dkit\year4\multiplayer distributed programming\gd4_mdp_ca1\gd4_mdp_ca1\release\soundnode.obj
d:\dkit\year4\multiplayer distributed programming\gd4_mdp_ca1\gd4_mdp_ca1\release\musicplayer.obj
d:\dkit\year4\multiplayer distributed programming\gd4_mdp_ca1\gd4_mdp_ca1\release\world.obj
d:\dkit\year4\multiplayer distributed programming\gd4_mdp_ca1\gd4_mdp_ca1\release\utility.obj
d:\dkit\year4\multiplayer distributed programming\gd4_mdp_ca1\gd4_mdp_ca1\release\toaststate.obj
d:\dkit\year4\multiplayer distributed programming\gd4_mdp_ca1\gd4_mdp_ca1\release\titlestate.obj
d:\dkit\year4\multiplayer distributed programming\gd4_mdp_ca1\gd4_mdp_ca1\release\textnode.obj
d:\dkit\year4\multiplayer distributed programming\gd4_mdp_ca1\gd4_mdp_ca1\release\statestack.obj
d:\dkit\year4\multiplayer distributed programming\gd4_mdp_ca1\gd4_mdp_ca1\release\state.obj
d:\dkit\year4\multiplayer distributed programming\gd4_mdp_ca1\gd4_mdp_ca1\release\spritenode.obj
d:\dkit\year4\multiplayer distributed programming\gd4_mdp_ca1\gd4_mdp_ca1\release\settingsstate.obj
d:\dkit\year4\multiplayer distributed programming\gd4_mdp_ca1\gd4_mdp_ca1\release\scenenode.obj
d:\dkit\year4\multiplayer distributed programming\gd4_mdp_ca1\gd4_mdp_ca1\release\projectile.obj
d:\dkit\year4\multiplayer distributed programming\gd4_mdp_ca1\gd4_mdp_ca1\release\player.obj
d:\dkit\year4\multiplayer distributed programming\gd4_mdp_ca1\release\gd4_mdp_ca1.exe
d:\dkit\year4\multiplayer distributed programming\gd4_mdp_ca1\gd4_mdp_ca1\release\gd4_mdp_ca1.ipdb
d:\dkit\year4\multiplayer distributed programming\gd4_mdp_ca1\gd4_mdp_ca1\release\gd4_mdp_ca1.iobj
d:\dkit\year4\multiplayer distributed programming\gd4_mdp_ca1\release\gd4_mdp_ca1.pdb
d:\dkit\year4\multiplayer distributed programming\gd4_mdp_ca1\gd4_mdp_ca1\release\source.obj
d:\dkit\year4\multiplayer distributed programming\gd4_mdp_ca1\gd4_mdp_ca1\release\gd4_mdp_ca1.tlog\cl.command.1.tlog
d:\dkit\year4\multiplayer distributed programming\gd4_mdp_ca1\gd4_mdp_ca1\release\gd4_mdp_ca1.tlog\cl.read.1.tlog
d:\dkit\year4\multiplayer distributed programming\gd4_mdp_ca1\gd4_mdp_ca1\release\gd4_mdp_ca1.tlog\cl.write.1.tlog
d:\dkit\year4\multiplayer distributed programming\gd4_mdp_ca1\gd4_mdp_ca1\release\gd4_mdp_ca1.tlog\link.command.1.tlog
d:\dkit\year4\multiplayer distributed programming\gd4_mdp_ca1\gd4_mdp_ca1\release\gd4_mdp_ca1.tlog\link.read.1.tlog
d:\dkit\year4\multiplayer distributed programming\gd4_mdp_ca1\gd4_mdp_ca1\release\gd4_mdp_ca1.tlog\link.write.1.tlog
