  Application.cpp
  Button.cpp
  Container.cpp
  DataTables.cpp
D:\Dkit\Year4\Multiplayer Distributed Programming\GD4_MDP_CA1\GD4_MDP_CA1\DataTables.cpp(19,82): warning C4305: 'argument': truncation from 'double' to 'float'
D:\Dkit\Year4\Multiplayer Distributed Programming\GD4_MDP_CA1\GD4_MDP_CA1\DataTables.cpp(20,89): warning C4305: 'argument': truncation from 'double' to 'float'
D:\Dkit\Year4\Multiplayer Distributed Programming\GD4_MDP_CA1\GD4_MDP_CA1\DataTables.cpp(31,82): warning C4305: 'argument': truncation from 'double' to 'float'
D:\Dkit\Year4\Multiplayer Distributed Programming\GD4_MDP_CA1\GD4_MDP_CA1\DataTables.cpp(32,89): warning C4305: 'argument': truncation from 'double' to 'float'
  GameOverState.cpp
  GameServer.cpp
  GameState.cpp
  Main.cpp
  MenuState.cpp
  MultiplayerGameState.cpp
  NetworkNode.cpp
  PauseState.cpp
  Pickup.cpp
  Player.cpp
D:\Dkit\Year4\Multiplayer Distributed Programming\GD4_MDP_CA1\GD4_MDP_CA1\Player.cpp(36,49): warning C4244: 'argument': conversion from 'float' to 'int', possible loss of data
D:\Dkit\Year4\Multiplayer Distributed Programming\GD4_MDP_CA1\GD4_MDP_CA1\Player.cpp(36,25): warning C4244: '=': conversion from 'double' to 'T', possible loss of data
          with
          [
              T=float
          ]
D:\Dkit\Year4\Multiplayer Distributed Programming\GD4_MDP_CA1\GD4_MDP_CA1\Player.cpp(37,48): warning C4244: 'argument': conversion from 'float' to 'int', possible loss of data
D:\Dkit\Year4\Multiplayer Distributed Programming\GD4_MDP_CA1\GD4_MDP_CA1\Player.cpp(37,28): warning C4244: '=': conversion from 'double' to 'T', possible loss of data
          with
          [
              T=float
          ]
D:\Dkit\Year4\Multiplayer Distributed Programming\GD4_MDP_CA1\GD4_MDP_CA1\Player.cpp(41,48): warning C4244: 'argument': conversion from 'float' to 'int', possible loss of data
D:\Dkit\Year4\Multiplayer Distributed Programming\GD4_MDP_CA1\GD4_MDP_CA1\Player.cpp(41,28): warning C4244: '=': conversion from 'double' to 'T', possible loss of data
          with
          [
              T=float
          ]
D:\Dkit\Year4\Multiplayer Distributed Programming\GD4_MDP_CA1\GD4_MDP_CA1\Player.cpp(42,49): warning C4244: 'argument': conversion from 'float' to 'int', possible loss of data
D:\Dkit\Year4\Multiplayer Distributed Programming\GD4_MDP_CA1\GD4_MDP_CA1\Player.cpp(42,25): warning C4244: '=': conversion from 'double' to 'T', possible loss of data
          with
          [
              T=float
          ]
  Projectile.cpp
  SettingsState.cpp
  SoundState.cpp
  State.cpp
  StateStack.cpp
  Tank.cpp
D:\Dkit\Year4\Multiplayer Distributed Programming\GD4_MDP_CA1\GD4_MDP_CA1\Tank.cpp(284,78): warning C4244: 'argument': conversion from 'float' to 'int', possible loss of data
D:\Dkit\Year4\Multiplayer Distributed Programming\GD4_MDP_CA1\GD4_MDP_CA1\Tank.cpp(285,12): warning C4244: 'initializing': conversion from 'double' to 'float', possible loss of data
D:\Dkit\Year4\Multiplayer Distributed Programming\GD4_MDP_CA1\GD4_MDP_CA1\Tank.cpp(286,12): warning C4244: 'initializing': conversion from 'double' to 'float', possible loss of data
D:\Dkit\Year4\Multiplayer Distributed Programming\GD4_MDP_CA1\GD4_MDP_CA1\Tank.cpp(423,49): warning C4244: 'argument': conversion from 'float' to 'int', possible loss of data
D:\Dkit\Year4\Multiplayer Distributed Programming\GD4_MDP_CA1\GD4_MDP_CA1\Tank.cpp(423,48): warning C4244: 'argument': conversion from 'double' to 'float', possible loss of data
D:\Dkit\Year4\Multiplayer Distributed Programming\GD4_MDP_CA1\GD4_MDP_CA1\Tank.cpp(424,50): warning C4244: 'argument': conversion from 'float' to 'int', possible loss of data
D:\Dkit\Year4\Multiplayer Distributed Programming\GD4_MDP_CA1\GD4_MDP_CA1\Tank.cpp(424,49): warning C4244: 'argument': conversion from 'double' to 'float', possible loss of data
  Compiling...
  TitleState.cpp
  ToastState.cpp
  World.cpp
D:\Dkit\Year4\Multiplayer Distributed Programming\GD4_MDP_CA1\GD4_MDP_CA1\World.cpp(441,18): warning C4244: 'argument': conversion from 'float' to 'int', possible loss of data
D:\Dkit\Year4\Multiplayer Distributed Programming\GD4_MDP_CA1\GD4_MDP_CA1\World.cpp(442,19): warning C4244: 'argument': conversion from 'float' to 'int', possible loss of data
  Generating code
  167 of 3993 functions ( 4.2%) were compiled, the rest were copied from previous compilation.
    58 functions were new in current compilation
    332 functions had inline decision re-evaluated but remain unchanged
  Finished generating code
  GD4_MDP_CA1.vcxproj -> D:\Dkit\Year4\Multiplayer Distributed Programming\GD4_MDP_CA1\Release\GD4_MDP_CA1.exe
